-- this is the first test (CREATE EXTENSION, no DROP TABLE)
LOAD 'test_decoding';
\set VERBOSITY terse
-- predictability
SET synchronous_commit = on;
DROP TABLE IF EXISTS table_with_pk;
DROP TABLE IF EXISTS table_without_pk;
DROP TABLE IF EXISTS table_with_unique; 
CREATE TABLE table_with_pk (
a	smallserial,
b	smallint,
c	int,
d	bigint,
e	numeric(5,3),
f	real not null,
g	double precision,
h	char(10),
i	varchar(30),
j	text,
k	bit varying(20),
l	timestamp,
m	date,
n	boolean not null,
o	json,
p	tsvector,
PRIMARY KEY(b, c, d)
);
CREATE TABLE table_without_pk (
a	smallserial,
b	smallint,
c	int,
d	bigint,
e	numeric(5,3),
f	real not null,
g	double precision,
h	char(10),
i	varchar(30),
j	text,
k	bit varying(20),
l	timestamp,
m	date,
n	boolean not null,
o	json,
p	tsvector
);
CREATE TABLE table_with_unique (
a	smallserial,
b	smallint,
c	int,
d	bigint,
e	numeric(5,3) not null,
f	real not null,
g	double precision not null,
h	char(10),
i	varchar(30),
j	text,
k	bit varying(20),
l	timestamp,
m	date,
n	boolean not null,
o	json,
p	tsvector,
UNIQUE(g, n)
);
SELECT 'init' FROM pg_create_logical_replication_slot('regression_slot', 'wal2json');
 ?column? 
----------
 init
(1 row)

-- TEST 1
TRUNCATE TABLE table_with_pk;
TRUNCATE TABLE table_without_pk;
TRUNCATE TABLE table_with_unique;
BEGIN;
INSERT INTO table_with_pk (b, c, d, e, f, g, h, i, j, k, l, m, n, o, p) VALUES(1, 2, 3, 3.54, 876.563452345, 1.23, 'teste', 'testando', 'um texto longo', B'001110010101010', '2013-11-02 17:30:52', '2013-02-04', true, '{ "a": 123 }', 'Old Old Parr'::tsvector);
INSERT INTO table_without_pk (b, c, d, e, f, g, h, i, j, k, l, m, n, o, p) VALUES(1, 2, 3, 3.54, 876.563452345, 1.23, 'teste', 'testando', 'um texto longo', B'001110010101010', '2013-11-02 17:30:52', '2013-02-04', true, '{ "a": 123 }', 'Old Old Parr'::tsvector);
INSERT INTO table_with_unique (b, c, d, e, f, g, h, i, j, k, l, m, n, o, p) VALUES(1, 2, 3, 3.54, 876.563452345, 1.23, 'teste', 'testando', 'um texto longo', B'001110010101010', '2013-11-02 17:30:52', '2013-02-04', true, '{ "a": 123 }', 'Old Old Parr'::tsvector);
COMMIT;
SELECT data FROM pg_logical_slot_get_changes('regression_slot', NULL, NULL, 'pretty-print', '1', 'include-timestamp', '0', 'filter-tables', '');
                                                                                                            data                                                                                                             
-----------------------------------------------------------------------------------------------------------------------------------------------------------------------------------------------------------------------------
 {                                                                                                                                                                                                                          +
         "change": [                                                                                                                                                                                                        +
                 {                                                                                                                                                                                                          +
                         "kind": "insert",                                                                                                                                                                                  +
                         "schema": "public",                                                                                                                                                                                +
                         "table": "table_with_pk",                                                                                                                                                                          +
                         "columnnames": ["a", "b", "c", "d", "e", "f", "g", "h", "i", "j", "k", "l", "m", "n", "o", "p"],                                                                                                   +
                         "columntypes": ["int2", "int2", "int4", "int8", "numeric", "float4", "float8", "bpchar", "varchar", "text", "varbit", "timestamp", "date", "bool", "json", "tsvector"],                            +
                         "columnvalues": [1, 1, 2, 3, 3.540, 876.563, 1.23, "teste     ", "testando", "um texto longo", "001110010101010", "Sat Nov 02 17:30:52 2013", "02-04-2013", true, "{ \"a\": 123 }", "'Old' 'Parr'"]+
                 }                                                                                                                                                                                                          +
                 ,{                                                                                                                                                                                                         +
                         "kind": "insert",                                                                                                                                                                                  +
                         "schema": "public",                                                                                                                                                                                +
                         "table": "table_without_pk",                                                                                                                                                                       +
                         "columnnames": ["a", "b", "c", "d", "e", "f", "g", "h", "i", "j", "k", "l", "m", "n", "o", "p"],                                                                                                   +
                         "columntypes": ["int2", "int2", "int4", "int8", "numeric", "float4", "float8", "bpchar", "varchar", "text", "varbit", "timestamp", "date", "bool", "json", "tsvector"],                            +
                         "columnvalues": [1, 1, 2, 3, 3.540, 876.563, 1.23, "teste     ", "testando", "um texto longo", "001110010101010", "Sat Nov 02 17:30:52 2013", "02-04-2013", true, "{ \"a\": 123 }", "'Old' 'Parr'"]+
                 }                                                                                                                                                                                                          +
                 ,{                                                                                                                                                                                                         +
                         "kind": "insert",                                                                                                                                                                                  +
                         "schema": "public",                                                                                                                                                                                +
                         "table": "table_with_unique",                                                                                                                                                                      +
                         "columnnames": ["a", "b", "c", "d", "e", "f", "g", "h", "i", "j", "k", "l", "m", "n", "o", "p"],                                                                                                   +
                         "columntypes": ["int2", "int2", "int4", "int8", "numeric", "float4", "float8", "bpchar", "varchar", "text", "varbit", "timestamp", "date", "bool", "json", "tsvector"],                            +
                         "columnvalues": [1, 1, 2, 3, 3.540, 876.563, 1.23, "teste     ", "testando", "um texto longo", "001110010101010", "Sat Nov 02 17:30:52 2013", "02-04-2013", true, "{ \"a\": 123 }", "'Old' 'Parr'"]+
                 }                                                                                                                                                                                                          +
         ]                                                                                                                                                                                                                  +
 }
(1 row)

-- TEST 1.1
BEGIN;
DELETE FROM table_with_pk;
DELETE FROM table_without_pk;
DELETE FROM table_with_unique;
COMMIT;
SELECT data FROM pg_logical_slot_get_changes('regression_slot', NULL, NULL, 'pretty-print', '1', 'filter-tables', 'public.table_with_pk,public.table_with_unique,', 'include-timestamp', '0');
WARNING:  table "table_without_pk" without primary key or replica identity is nothing
WARNING:  table "table_with_unique" without primary key or replica identity is nothing
                                 data                                  
-----------------------------------------------------------------------
 {                                                                    +
         "change": [                                                  +
                 {                                                    +
                         "kind": "delete",                            +
                         "schema": "public",                          +
                         "table": "table_with_pk",                    +
                         "oldkeys": {                                 +
                                 "keynames": ["b", "c", "d"],         +
                                 "keytypes": ["int2", "int4", "int8"],+
                                 "keyvalues": [1, 2, 3]               +
                         }                                            +
                 }                                                    +
         ]                                                            +
 }
(1 row)

-- TEST 2
TRUNCATE TABLE table_with_pk;
TRUNCATE TABLE table_without_pk;
TRUNCATE TABLE table_with_unique;
BEGIN;
INSERT INTO table_with_pk (b, c, d, e, f, g, h, i, j, k, l, m, n, o, p) VALUES(1, 2, 3, 3.54, 876.563452345, 1.23, 'teste', 'testando', 'um texto longo', B'001110010101010', '2013-11-02 17:30:52', '2013-02-04', true, '{ "a": 123 }', 'Old Old Parr'::tsvector);
INSERT INTO table_without_pk (b, c, d, e, f, g, h, i, j, k, l, m, n, o, p) VALUES(1, 2, 3, 3.54, 876.563452345, 1.23, 'teste', 'testando', 'um texto longo', B'001110010101010', '2013-11-02 17:30:52', '2013-02-04', true, '{ "a": 123 }', 'Old Old Parr'::tsvector);
INSERT INTO table_with_unique (b, c, d, e, f, g, h, i, j, k, l, m, n, o, p) VALUES(1, 2, 3, 3.54, 876.563452345, 1.23, 'teste', 'testando', 'um texto longo', B'001110010101010', '2013-11-02 17:30:52', '2013-02-04', true, '{ "a": 123 }', 'Old Old Parr'::tsvector);
INSERT INTO table_with_unique (b, c, d, e, f, g, h, i, j, k, l, m, n, o, p) VALUES(1, 2, 3, 3.54, 876.563452345, 2.23, 'teste', 'testando', 'um texto longo', B'001110010101010', '2013-11-02 17:30:52', '2013-02-04', true, '{ "a": 123 }', 'Old Old Parr'::tsvector);
COMMIT;
SELECT data FROM pg_logical_slot_get_changes('regression_slot', NULL, NULL, 'pretty-print', '1', 'filter-tables', 'public.table_without_pk,public.table_with_unique,', 'include-timestamp', '0');
                                                                                                            data                                                                                                             
-----------------------------------------------------------------------------------------------------------------------------------------------------------------------------------------------------------------------------
 {                                                                                                                                                                                                                          +
         "change": [                                                                                                                                                                                                        +
                 {                                                                                                                                                                                                          +
                         "kind": "insert",                                                                                                                                                                                  +
                         "schema": "public",                                                                                                                                                                                +
                         "table": "table_without_pk",                                                                                                                                                                       +
                         "columnnames": ["a", "b", "c", "d", "e", "f", "g", "h", "i", "j", "k", "l", "m", "n", "o", "p"],                                                                                                   +
                         "columntypes": ["int2", "int2", "int4", "int8", "numeric", "float4", "float8", "bpchar", "varchar", "text", "varbit", "timestamp", "date", "bool", "json", "tsvector"],                            +
                         "columnvalues": [2, 1, 2, 3, 3.540, 876.563, 1.23, "teste     ", "testando", "um texto longo", "001110010101010", "Sat Nov 02 17:30:52 2013", "02-04-2013", true, "{ \"a\": 123 }", "'Old' 'Parr'"]+
                 }                                                                                                                                                                                                          +
                 ,{                                                                                                                                                                                                         +
                         "kind": "insert",                                                                                                                                                                                  +
                         "schema": "public",                                                                                                                                                                                +
                         "table": "table_with_unique",                                                                                                                                                                      +
                         "columnnames": ["a", "b", "c", "d", "e", "f", "g", "h", "i", "j", "k", "l", "m", "n", "o", "p"],                                                                                                   +
                         "columntypes": ["int2", "int2", "int4", "int8", "numeric", "float4", "float8", "bpchar", "varchar", "text", "varbit", "timestamp", "date", "bool", "json", "tsvector"],                            +
                         "columnvalues": [2, 1, 2, 3, 3.540, 876.563, 1.23, "teste     ", "testando", "um texto longo", "001110010101010", "Sat Nov 02 17:30:52 2013", "02-04-2013", true, "{ \"a\": 123 }", "'Old' 'Parr'"]+
                 }                                                                                                                                                                                                          +
                 ,{                                                                                                                                                                                                         +
                         "kind": "insert",                                                                                                                                                                                  +
                         "schema": "public",                                                                                                                                                                                +
                         "table": "table_with_unique",                                                                                                                                                                      +
                         "columnnames": ["a", "b", "c", "d", "e", "f", "g", "h", "i", "j", "k", "l", "m", "n", "o", "p"],                                                                                                   +
                         "columntypes": ["int2", "int2", "int4", "int8", "numeric", "float4", "float8", "bpchar", "varchar", "text", "varbit", "timestamp", "date", "bool", "json", "tsvector"],                            +
                         "columnvalues": [3, 1, 2, 3, 3.540, 876.563, 2.23, "teste     ", "testando", "um texto longo", "001110010101010", "Sat Nov 02 17:30:52 2013", "02-04-2013", true, "{ \"a\": 123 }", "'Old' 'Parr'"]+
                 }                                                                                                                                                                                                          +
         ]                                                                                                                                                                                                                  +
 }
(1 row)

-- TEST 3
TRUNCATE TABLE table_with_pk;
TRUNCATE TABLE table_without_pk;
TRUNCATE TABLE table_with_unique;
BEGIN;
INSERT INTO table_with_pk (b, c, d, e, f, g, h, i, j, k, l, m, n, o, p) VALUES(1, 2, 3, 3.54, 876.563452345, 1.23, 'teste', 'testando', 'um texto longo', B'001110010101010', '2013-11-02 17:30:52', '2013-02-04', true, '{ "a": 123 }', 'Old Old Parr'::tsvector);
INSERT INTO table_without_pk (b, c, d, e, f, g, h, i, j, k, l, m, n, o, p) VALUES(1, 2, 3, 3.54, 876.563452345, 1.23, 'teste', 'testando', 'um texto longo', B'001110010101010', '2013-11-02 17:30:52', '2013-02-04', true, '{ "a": 123 }', 'Old Old Parr'::tsvector);
INSERT INTO table_with_unique (b, c, d, e, f, g, h, i, j, k, l, m, n, o, p) VALUES(1, 2, 3, 3.54, 876.563452345, 1.23, 'teste', 'testando', 'um texto longo', B'001110010101010', '2013-11-02 17:30:52', '2013-02-04', true, '{ "a": 123 }', 'Old Old Parr'::tsvector);
INSERT INTO table_with_unique (b, c, d, e, f, g, h, i, j, k, l, m, n, o, p) VALUES(1, 2, 3, 3.54, 876.563452345, 2.23, 'teste', 'testando', 'um texto longo', B'001110010101010', '2013-11-02 17:30:52', '2013-02-04', true, '{ "a": 123 }', 'Old Old Parr'::tsvector);
COMMIT;
BEGIN;
INSERT INTO table_with_pk (b, c, d, e, f, g, h, i, j, k, l, m, n, o, p) VALUES(4, 5, 6, 3.54, 876.563452345, 1.23, 'teste', 'testando', 'um texto longo', B'001110010101010', '2013-11-02 17:30:52', '2013-02-04', true, '{ "a": 123 }', 'Old Old Parr'::tsvector);
INSERT INTO table_without_pk (b, c, d, e, f, g, h, i, j, k, l, m, n, o, p) VALUES(1, 2, 3, 3.54, 876.563452345, 1.23, 'teste', 'testando', 'um texto longo', B'001110010101010', '2013-11-02 17:30:52', '2013-02-04', true, '{ "a": 123 }', 'Old Old Parr'::tsvector);
INSERT INTO table_with_unique (b, c, d, e, f, g, h, i, j, k, l, m, n, o, p) VALUES(1, 2, 3, 3.54, 876.563452345, 3.23, 'teste', 'testando', 'um texto longo', B'001110010101010', '2013-11-02 17:30:52', '2013-02-04', true, '{ "a": 123 }', 'Old Old Parr'::tsvector);
INSERT INTO table_with_unique (b, c, d, e, f, g, h, i, j, k, l, m, n, o, p) VALUES(1, 2, 3, 3.54, 876.563452345, 4.23, 'teste', 'testando', 'um texto longo', B'001110010101010', '2013-11-02 17:30:52', '2013-02-04', true, '{ "a": 123 }', 'Old Old Parr'::tsvector);
COMMIT;
SELECT data FROM pg_logical_slot_get_changes('regression_slot', NULL, NULL, 'pretty-print', '1', 'filter-tables', 'public.table_with_pk,public.table_with_unique,', 'include-timestamp', '0');
                                                                                                            data                                                                                                             
-----------------------------------------------------------------------------------------------------------------------------------------------------------------------------------------------------------------------------
 {                                                                                                                                                                                                                          +
         "change": [                                                                                                                                                                                                        +
                 {                                                                                                                                                                                                          +
                         "kind": "insert",                                                                                                                                                                                  +
                         "schema": "public",                                                                                                                                                                                +
                         "table": "table_with_pk",                                                                                                                                                                          +
                         "columnnames": ["a", "b", "c", "d", "e", "f", "g", "h", "i", "j", "k", "l", "m", "n", "o", "p"],                                                                                                   +
                         "columntypes": ["int2", "int2", "int4", "int8", "numeric", "float4", "float8", "bpchar", "varchar", "text", "varbit", "timestamp", "date", "bool", "json", "tsvector"],                            +
                         "columnvalues": [3, 1, 2, 3, 3.540, 876.563, 1.23, "teste     ", "testando", "um texto longo", "001110010101010", "Sat Nov 02 17:30:52 2013", "02-04-2013", true, "{ \"a\": 123 }", "'Old' 'Parr'"]+
                 }                                                                                                                                                                                                          +
                 ,{                                                                                                                                                                                                         +
                         "kind": "insert",                                                                                                                                                                                  +
                         "schema": "public",                                                                                                                                                                                +
                         "table": "table_with_unique",                                                                                                                                                                      +
                         "columnnames": ["a", "b", "c", "d", "e", "f", "g", "h", "i", "j", "k", "l", "m", "n", "o", "p"],                                                                                                   +
                         "columntypes": ["int2", "int2", "int4", "int8", "numeric", "float4", "float8", "bpchar", "varchar", "text", "varbit", "timestamp", "date", "bool", "json", "tsvector"],                            +
                         "columnvalues": [4, 1, 2, 3, 3.540, 876.563, 1.23, "teste     ", "testando", "um texto longo", "001110010101010", "Sat Nov 02 17:30:52 2013", "02-04-2013", true, "{ \"a\": 123 }", "'Old' 'Parr'"]+
                 }                                                                                                                                                                                                          +
                 ,{                                                                                                                                                                                                         +
                         "kind": "insert",                                                                                                                                                                                  +
                         "schema": "public",                                                                                                                                                                                +
                         "table": "table_with_unique",                                                                                                                                                                      +
                         "columnnames": ["a", "b", "c", "d", "e", "f", "g", "h", "i", "j", "k", "l", "m", "n", "o", "p"],                                                                                                   +
                         "columntypes": ["int2", "int2", "int4", "int8", "numeric", "float4", "float8", "bpchar", "varchar", "text", "varbit", "timestamp", "date", "bool", "json", "tsvector"],                            +
                         "columnvalues": [5, 1, 2, 3, 3.540, 876.563, 2.23, "teste     ", "testando", "um texto longo", "001110010101010", "Sat Nov 02 17:30:52 2013", "02-04-2013", true, "{ \"a\": 123 }", "'Old' 'Parr'"]+
                 }                                                                                                                                                                                                          +
         ]                                                                                                                                                                                                                  +
 }
 {                                                                                                                                                                                                                          +
         "change": [                                                                                                                                                                                                        +
                 {                                                                                                                                                                                                          +
                         "kind": "insert",                                                                                                                                                                                  +
                         "schema": "public",                                                                                                                                                                                +
                         "table": "table_with_pk",                                                                                                                                                                          +
                         "columnnames": ["a", "b", "c", "d", "e", "f", "g", "h", "i", "j", "k", "l", "m", "n", "o", "p"],                                                                                                   +
                         "columntypes": ["int2", "int2", "int4", "int8", "numeric", "float4", "float8", "bpchar", "varchar", "text", "varbit", "timestamp", "date", "bool", "json", "tsvector"],                            +
                         "columnvalues": [4, 4, 5, 6, 3.540, 876.563, 1.23, "teste     ", "testando", "um texto longo", "001110010101010", "Sat Nov 02 17:30:52 2013", "02-04-2013", true, "{ \"a\": 123 }", "'Old' 'Parr'"]+
                 }                                                                                                                                                                                                          +
                 ,{                                                                                                                                                                                                         +
                         "kind": "insert",                                                                                                                                                                                  +
                         "schema": "public",                                                                                                                                                                                +
                         "table": "table_with_unique",                                                                                                                                                                      +
                         "columnnames": ["a", "b", "c", "d", "e", "f", "g", "h", "i", "j", "k", "l", "m", "n", "o", "p"],                                                                                                   +
                         "columntypes": ["int2", "int2", "int4", "int8", "numeric", "float4", "float8", "bpchar", "varchar", "text", "varbit", "timestamp", "date", "bool", "json", "tsvector"],                            +
                         "columnvalues": [6, 1, 2, 3, 3.540, 876.563, 3.23, "teste     ", "testando", "um texto longo", "001110010101010", "Sat Nov 02 17:30:52 2013", "02-04-2013", true, "{ \"a\": 123 }", "'Old' 'Parr'"]+
                 }                                                                                                                                                                                                          +
                 ,{                                                                                                                                                                                                         +
                         "kind": "insert",                                                                                                                                                                                  +
                         "schema": "public",                                                                                                                                                                                +
                         "table": "table_with_unique",                                                                                                                                                                      +
                         "columnnames": ["a", "b", "c", "d", "e", "f", "g", "h", "i", "j", "k", "l", "m", "n", "o", "p"],                                                                                                   +
                         "columntypes": ["int2", "int2", "int4", "int8", "numeric", "float4", "float8", "bpchar", "varchar", "text", "varbit", "timestamp", "date", "bool", "json", "tsvector"],                            +
                         "columnvalues": [7, 1, 2, 3, 3.540, 876.563, 4.23, "teste     ", "testando", "um texto longo", "001110010101010", "Sat Nov 02 17:30:52 2013", "02-04-2013", true, "{ \"a\": 123 }", "'Old' 'Parr'"]+
                 }                                                                                                                                                                                                          +
         ]                                                                                                                                                                                                                  +
 }
(2 rows)

-- TEST 4
TRUNCATE TABLE table_with_pk;
TRUNCATE TABLE table_without_pk;
TRUNCATE TABLE table_with_unique;
BEGIN;
INSERT INTO table_with_pk (b, c, d, e, f, g, h, i, j, k, l, m, n, o, p) VALUES(1, 2, 3, 3.54, 876.563452345, 1.23, 'teste', 'testando', 'um texto longo', B'001110010101010', '2013-11-02 17:30:52', '2013-02-04', true, '{ "a": 123 }', 'Old Old Parr'::tsvector);
INSERT INTO table_without_pk (b, c, d, e, f, g, h, i, j, k, l, m, n, o, p) VALUES(1, 2, 3, 3.54, 876.563452345, 1.23, 'teste', 'testando', 'um texto longo', B'001110010101010', '2013-11-02 17:30:52', '2013-02-04', true, '{ "a": 123 }', 'Old Old Parr'::tsvector);
INSERT INTO table_with_unique (b, c, d, e, f, g, h, i, j, k, l, m, n, o, p) VALUES(1, 2, 3, 3.54, 876.563452345, 1.23, 'teste', 'testando', 'um texto longo', B'001110010101010', '2013-11-02 17:30:52', '2013-02-04', true, '{ "a": 123 }', 'Old Old Parr'::tsvector);
INSERT INTO table_with_unique (b, c, d, e, f, g, h, i, j, k, l, m, n, o, p) VALUES(1, 2, 3, 3.54, 876.563452345, 2.23, 'teste', 'testando', 'um texto longo', B'001110010101010', '2013-11-02 17:30:52', '2013-02-04', true, '{ "a": 123 }', 'Old Old Parr'::tsvector);
COMMIT;
SELECT data FROM pg_logical_slot_get_changes('regression_slot', NULL, NULL, 'pretty-print', '1', 'filter-tables', 'public.table_without_pk1,public.table_with_unique2,', 'include-timestamp', '0');
 data 
------
(0 rows)

-- END
SELECT 'stop' FROM pg_drop_replication_slot('regression_slot');
 ?column? 
----------
 stop
(1 row)

